<?xml version="1.0" encoding="UTF-8"?>
<testng-results ignored="0" total="1" passed="1" failed="0" skipped="0">
  <reporter-output>
  </reporter-output>
  <suite started-at="2026-04-28T09:28:54 IST" name="Suite" finished-at="2026-04-28T09:29:06 IST" duration-ms="11765">
    <groups>
    </groups>
    <test started-at="2026-04-28T09:28:54 IST" name="Test" finished-at="2026-04-28T09:29:06 IST" duration-ms="11765">
      <class name="basepack.RunnerClass">
        <test-method is-config="true" signature="setup()[pri:0, instance:basepack.RunnerClass@62150f9e]" started-at="2026-04-28T09:28:54 IST" name="setup" finished-at="2026-04-28T09:28:57 IST" duration-ms="3406" status="PASS">
          <reporter-output>
          </reporter-output>
        </test-method> <!-- setup -->
        <test-method signature="testone()[pri:0, instance:basepack.RunnerClass@62150f9e]" started-at="2026-04-28T09:28:57 IST" name="testone" finished-at="2026-04-28T09:29:05 IST" duration-ms="7922" status="PASS">
          <reporter-output>
          </reporter-output>
        </test-method> <!-- testone -->
        <test-method is-config="true" signature="teardown()[pri:0, instance:basepack.RunnerClass@62150f9e]" started-at="2026-04-28T09:29:05 IST" name="teardown" finished-at="2026-04-28T09:29:06 IST" duration-ms="365" status="PASS">
          <reporter-output>
          </reporter-output>
        </test-method> <!-- teardown -->
      </class> <!-- basepack.RunnerClass -->
    </test> <!-- Test -->
  </suite> <!-- Suite -->
</testng-results>
