<?xml version="1.0" encoding="UTF-8"?>
<testng-results ignored="0" total="1" passed="1" failed="0" skipped="0">
  <reporter-output>
  </reporter-output>
  <suite started-at="2025-05-31T18:58:42 IST" name="Default suite" finished-at="2025-05-31T18:58:50 IST" duration-ms="7032">
    <groups>
    </groups>
    <test started-at="2025-05-31T18:58:42 IST" name="Default test" finished-at="2025-05-31T18:58:50 IST" duration-ms="7032">
      <class name="com.LaunchBrowser">
        <test-method signature="test()[pri:0, instance:com.LaunchBrowser@76508ed1]" started-at="2025-05-31T18:58:43 IST" name="test" finished-at="2025-05-31T18:58:50 IST" duration-ms="6966" status="PASS">
          <reporter-output>
          </reporter-output>
        </test-method> <!-- test -->
      </class> <!-- com.LaunchBrowser -->
    </test> <!-- Default test -->
  </suite> <!-- Default suite -->
</testng-results>
